<?xml version="1.0" encoding="UTF-8"?>
<!-- Generated by org.testng.reporters.JUnitReportReporter -->
<testsuite hostname="DESKTOP-78S3B2F" failures="0" tests="1" name="com.tests.LoginAPITest" time="6.762" errors="0" timestamp="2025-09-26T09:57:52 IST" skipped="0">
  <testcase classname="com.tests.LoginAPITest" name="LoginAPITest" time="6.762"/>
</testsuite> <!-- com.tests.LoginAPITest -->
