<?xml version="1.0" encoding="UTF-8"?>
<!-- Generated by org.testng.reporters.JUnitReportReporter -->
<testsuite hostname="DESKTOP-78S3B2F" failures="0" tests="2" name="com.tests.CountAPITest" time="2.018" errors="0" timestamp="2025-10-05T23:07:21 IST" skipped="0">
  <testcase classname="com.tests.CountAPITest" name="verifyCountAPIResponse" time="0.941"/>
  <testcase classname="com.tests.CountAPITest" name="countAPImissingAuthToken" time="1.077"/>
</testsuite> <!-- com.tests.CountAPITest -->
