<?xml version="1.0" encoding="UTF-8"?>
<!-- Generated by org.testng.reporters.JUnitReportReporter -->
<testsuite hostname="DESKTOP-78S3B2F" failures="0" tests="1" name="com.tests.LoginAPITest" time="5.826" errors="0" timestamp="2025-10-05T23:07:21 IST" skipped="0">
  <testcase classname="com.tests.LoginAPITest" name="LoginAPITest" time="5.826"/>
</testsuite> <!-- com.tests.LoginAPITest -->
