<?xml version="1.0" encoding="UTF-8"?>
<!-- Generated by org.testng.reporters.JUnitReportReporter -->
<testsuite hostname="DESKTOP-78S3B2F" failures="0" tests="1" name="com.tests.UserDetailsAPITest" time="2.497" errors="0" timestamp="2025-09-25T13:20:41 IST" skipped="0">
  <testcase classname="com.tests.UserDetailsAPITest" name="userDetailsAPIRequest" time="2.497"/>
</testsuite> <!-- com.tests.UserDetailsAPITest -->
